This is pdfTeX, Version 3.14159265-2.6-1.40.15 (TeX Live 2014) (preloaded format=pdflatex 2014.9.16)  21 SEP 2014 11:51
entering extended mode
 restricted \write18 enabled.
 %&-line parsing enabled.
**report.tex
(./report.tex
LaTeX2e <2014/05/01>
Babel <3.9k> and hyphenation patterns for 21 languages loaded.
(/usr/local/texlive/2014basic/texmf-dist/tex/latex/base/article.cls
Document Class: article 2007/10/19 v1.4h Standard LaTeX document class
(/usr/local/texlive/2014basic/texmf-dist/tex/latex/base/size10.clo
File: size10.clo 2007/10/19 v1.4h Standard LaTeX file (size option)
)
\c@part=\count79
\c@section=\count80
\c@subsection=\count81
\c@subsubsection=\count82
\c@paragraph=\count83
\c@subparagraph=\count84
\c@figure=\count85
\c@table=\count86
\abovecaptionskip=\skip41
\belowcaptionskip=\skip42
\bibindent=\dimen102
)
(/usr/local/texlive/2014basic/texmf-dist/tex/latex/graphics/graphicx.sty
Package: graphicx 2014/04/25 v1.0g Enhanced LaTeX Graphics (DPC,SPQR)

(/usr/local/texlive/2014basic/texmf-dist/tex/latex/graphics/keyval.sty
Package: keyval 2014/05/08 v1.15 key=value parser (DPC)
\KV@toks@=\toks14
)
(/usr/local/texlive/2014basic/texmf-dist/tex/latex/graphics/graphics.sty
Package: graphics 2009/02/05 v1.0o Standard LaTeX Graphics (DPC,SPQR)

(/usr/local/texlive/2014basic/texmf-dist/tex/latex/graphics/trig.sty
Package: trig 1999/03/16 v1.09 sin cos tan (DPC)
)
(/usr/local/texlive/2014basic/texmf-dist/tex/latex/latexconfig/graphics.cfg
File: graphics.cfg 2010/04/23 v1.9 graphics configuration of TeX Live
)
Package graphics Info: Driver file: pdftex.def on input line 91.

(/usr/local/texlive/2014basic/texmf-dist/tex/latex/pdftex-def/pdftex.def
File: pdftex.def 2011/05/27 v0.06d Graphics/color for pdfTeX

(/usr/local/texlive/2014basic/texmf-dist/tex/generic/oberdiek/infwarerr.sty
Package: infwarerr 2010/04/08 v1.3 Providing info/warning/error messages (HO)
)
(/usr/local/texlive/2014basic/texmf-dist/tex/generic/oberdiek/ltxcmds.sty
Package: ltxcmds 2011/11/09 v1.22 LaTeX kernel commands for general use (HO)
)
\Gread@gobject=\count87
))
\Gin@req@height=\dimen103
\Gin@req@width=\dimen104
)
(/usr/local/texlive/2014basic/texmf-dist/tex/latex/graphics/color.sty
Package: color 2014/04/23 v1.1a Standard LaTeX Color (DPC)

(/usr/local/texlive/2014basic/texmf-dist/tex/latex/latexconfig/color.cfg
File: color.cfg 2007/01/18 v1.5 color configuration of teTeX/TeXLive
)
Package color Info: Driver file: pdftex.def on input line 137.
)
(./framed.sty
Package: framed 2011/10/22 v 0.96: framed or shaded text with page breaks
\OuterFrameSep=\skip43
\fb@frw=\dimen105
\fb@frh=\dimen106
\FrameRule=\dimen107
\FrameSep=\dimen108
)
(/usr/local/texlive/2014basic/texmf-dist/tex/latex/base/alltt.sty
Package: alltt 1997/06/16 v2.0g defines alltt environment
)
(/usr/local/texlive/2014basic/texmf-dist/tex/latex/amsmath/amsmath.sty
Package: amsmath 2013/01/14 v2.14 AMS math features
\@mathmargin=\skip44

For additional information on amsmath, use the `?' option.
(/usr/local/texlive/2014basic/texmf-dist/tex/latex/amsmath/amstext.sty
Package: amstext 2000/06/29 v2.01

(/usr/local/texlive/2014basic/texmf-dist/tex/latex/amsmath/amsgen.sty
File: amsgen.sty 1999/11/30 v2.0
\@emptytoks=\toks15
\ex@=\dimen109
))
(/usr/local/texlive/2014basic/texmf-dist/tex/latex/amsmath/amsbsy.sty
Package: amsbsy 1999/11/29 v1.2d
\pmbraise@=\dimen110
)
(/usr/local/texlive/2014basic/texmf-dist/tex/latex/amsmath/amsopn.sty
Package: amsopn 1999/12/14 v2.01 operator names
)
\inf@bad=\count88
LaTeX Info: Redefining \frac on input line 210.
\uproot@=\count89
\leftroot@=\count90
LaTeX Info: Redefining \overline on input line 306.
\classnum@=\count91
\DOTSCASE@=\count92
LaTeX Info: Redefining \ldots on input line 378.
LaTeX Info: Redefining \dots on input line 381.
LaTeX Info: Redefining \cdots on input line 466.
\Mathstrutbox@=\box26
\strutbox@=\box27
\big@size=\dimen111
LaTeX Font Info:    Redeclaring font encoding OML on input line 566.
LaTeX Font Info:    Redeclaring font encoding OMS on input line 567.
\macc@depth=\count93
\c@MaxMatrixCols=\count94
\dotsspace@=\muskip10
\c@parentequation=\count95
\dspbrk@lvl=\count96
\tag@help=\toks16
\row@=\count97
\column@=\count98
\maxfields@=\count99
\andhelp@=\toks17
\eqnshift@=\dimen112
\alignsep@=\dimen113
\tagshift@=\dimen114
\tagwidth@=\dimen115
\totwidth@=\dimen116
\lineht@=\dimen117
\@envbody=\toks18
\multlinegap=\skip45
\multlinetaggap=\skip46
\mathdisplay@stack=\toks19
LaTeX Info: Redefining \[ on input line 2665.
LaTeX Info: Redefining \] on input line 2666.
)
(/usr/local/texlive/2014basic/texmf-dist/tex/latex/amsfonts/amssymb.sty
Package: amssymb 2013/01/14 v3.01 AMS font symbols

(/usr/local/texlive/2014basic/texmf-dist/tex/latex/amsfonts/amsfonts.sty
Package: amsfonts 2013/01/14 v3.01 Basic AMSFonts support
\symAMSa=\mathgroup4
\symAMSb=\mathgroup5
LaTeX Font Info:    Overwriting math alphabet `\mathfrak' in version `bold'
(Font)                  U/euf/m/n --> U/euf/b/n on input line 106.
))
(/usr/local/texlive/2014basic/texmf-dist/tex/latex/upquote/upquote.sty
Package: upquote 2012/04/19 v1.3 upright-quote and grave-accent glyphs in verba
tim
)
(./report.aux)
\openout1 = `report.aux'.

LaTeX Font Info:    Checking defaults for OML/cmm/m/it on input line 54.
LaTeX Font Info:    ... okay on input line 54.
LaTeX Font Info:    Checking defaults for T1/cmr/m/n on input line 54.
LaTeX Font Info:    ... okay on input line 54.
LaTeX Font Info:    Checking defaults for OT1/cmr/m/n on input line 54.
LaTeX Font Info:    ... okay on input line 54.
LaTeX Font Info:    Checking defaults for OMS/cmsy/m/n on input line 54.
LaTeX Font Info:    ... okay on input line 54.
LaTeX Font Info:    Checking defaults for OMX/cmex/m/n on input line 54.
LaTeX Font Info:    ... okay on input line 54.
LaTeX Font Info:    Checking defaults for U/cmr/m/n on input line 54.
LaTeX Font Info:    ... okay on input line 54.

(/usr/local/texlive/2014basic/texmf-dist/tex/context/base/supp-pdf.mkii
[Loading MPS to PDF converter (version 2006.09.02).]
\scratchcounter=\count100
\scratchdimen=\dimen118
\scratchbox=\box28
\nofMPsegments=\count101
\nofMParguments=\count102
\everyMPshowfont=\toks20
\MPscratchCnt=\count103
\MPscratchDim=\dimen119
\MPnumerator=\count104
\makeMPintoPDFobject=\count105
\everyMPtoPDFconversion=\toks21
) (/usr/local/texlive/2014basic/texmf-dist/tex/generic/oberdiek/pdftexcmds.sty
Package: pdftexcmds 2011/11/29 v0.20 Utility functions of pdfTeX for LuaTeX (HO
)

(/usr/local/texlive/2014basic/texmf-dist/tex/generic/oberdiek/ifluatex.sty
Package: ifluatex 2010/03/01 v1.3 Provides the ifluatex switch (HO)
Package ifluatex Info: LuaTeX not detected.
)
(/usr/local/texlive/2014basic/texmf-dist/tex/generic/oberdiek/ifpdf.sty
Package: ifpdf 2011/01/30 v2.3 Provides the ifpdf switch (HO)
Package ifpdf Info: pdfTeX in PDF mode is detected.
)
Package pdftexcmds Info: LuaTeX not detected.
Package pdftexcmds Info: \pdf@primitive is available.
Package pdftexcmds Info: \pdf@ifprimitive is available.
Package pdftexcmds Info: \pdfdraftmode found.
)
(/usr/local/texlive/2014basic/texmf-dist/tex/latex/oberdiek/epstopdf-base.sty
Package: epstopdf-base 2010/02/09 v2.5 Base part for package epstopdf

(/usr/local/texlive/2014basic/texmf-dist/tex/latex/oberdiek/grfext.sty
Package: grfext 2010/08/19 v1.1 Manage graphics extensions (HO)

(/usr/local/texlive/2014basic/texmf-dist/tex/generic/oberdiek/kvdefinekeys.sty
Package: kvdefinekeys 2011/04/07 v1.3 Define keys (HO)
)) (/usr/local/texlive/2014basic/texmf-dist/tex/latex/oberdiek/kvoptions.sty
Package: kvoptions 2011/06/30 v3.11 Key value format for package options (HO)

(/usr/local/texlive/2014basic/texmf-dist/tex/generic/oberdiek/kvsetkeys.sty
Package: kvsetkeys 2012/04/25 v1.16 Key value parser (HO)

(/usr/local/texlive/2014basic/texmf-dist/tex/generic/oberdiek/etexcmds.sty
Package: etexcmds 2011/02/16 v1.5 Avoid name clashes with e-TeX commands (HO)
Package etexcmds Info: Could not find \expanded.
(etexcmds)             That can mean that you are not using pdfTeX 1.50 or
(etexcmds)             that some package has redefined \expanded.
(etexcmds)             In the latter case, load this package earlier.
)))
Package grfext Info: Graphics extension search list:
(grfext)             [.png,.pdf,.jpg,.mps,.jpeg,.jbig2,.jb2,.PNG,.PDF,.JPG,.JPE
G,.JBIG2,.JB2,.eps]
(grfext)             \AppendGraphicsExtensions on input line 452.

(/usr/local/texlive/2014basic/texmf-dist/tex/latex/latexconfig/epstopdf-sys.cfg
File: epstopdf-sys.cfg 2010/07/13 v1.3 Configuration of (r)epstopdf for TeX Liv
e
))
LaTeX Font Info:    Try loading font information for U+msa on input line 60.
 (/usr/local/texlive/2014basic/texmf-dist/tex/latex/amsfonts/umsa.fd
File: umsa.fd 2013/01/14 v3.01 AMS symbols A
)
LaTeX Font Info:    Try loading font information for U+msb on input line 60.

(/usr/local/texlive/2014basic/texmf-dist/tex/latex/amsfonts/umsb.fd
File: umsb.fd 2013/01/14 v3.01 AMS symbols B
)
Missing character: There is no Ù in font cmr10!
Missing character: There is no è in font cmr10!
Missing character: There is no ∞ in font cmr10!
Missing character: There is no É in font cmr10!
Missing character: There is no Ù in font cmr10!
Missing character: There is no è in font cmr10!
Missing character: There is no ∞ in font cmr10!
Missing character: There is no É in font cmr10!
Missing character: There is no ¬ in font cmr10!
Missing character: There is no ± in font cmr10!
Missing character: There is no ‚ in font cmr10!
Missing character: There is no ó in font cmr10!
Missing character: There is no ¶ in font cmr10!
Missing character: There is no ¬ in font cmr10!
Missing character: There is no ± in font cmr10!
Missing character: There is no Ù in font cmr10!
Missing character: There is no è in font cmr10!
Missing character: There is no ∞ in font cmr10!
Missing character: There is no Ö in font cmr10!
Missing character: There is no Ù in font cmr10!
Missing character: There is no è in font cmr10!
Missing character: There is no ∞ in font cmr10!
Missing character: There is no Ü in font cmr10!
Package color Info: Redefining color shadecolor on input line 83.

<figure/plot_raw_humid_temp.pdf, id=1, 361.35pt x 216.81pt>
File: figure/plot_raw_humid_temp.pdf Graphic file (type pdf)

<use figure/plot_raw_humid_temp.pdf>
Package pdftex.def Info: figure/plot_raw_humid_temp.pdf used on input line 86.
(pdftex.def)             Requested size: 345.0pt x 207.00049pt.


LaTeX Warning: `!h' float specifier changed to `!ht'.

Package color Info: Redefining color shadecolor on input line 98.
<figure/plot_cleansed_humid_temp.pdf, id=2, 361.35pt x 216.81pt>
File: figure/plot_cleansed_humid_temp.pdf Graphic file (type pdf)

<use figure/plot_cleansed_humid_temp.pdf>
Package pdftex.def Info: figure/plot_cleansed_humid_temp.pdf used on input line
 101.
(pdftex.def)             Requested size: 345.0pt x 207.00049pt.


LaTeX Warning: `!h' float specifier changed to `!ht'.

Package color Info: Redefining color shadecolor on input line 113.
<figure/plot_raw_hama.pdf, id=3, 361.35pt x 216.81pt>
File: figure/plot_raw_hama.pdf Graphic file (type pdf)

<use figure/plot_raw_hama.pdf>
Package pdftex.def Info: figure/plot_raw_hama.pdf used on input line 116.
(pdftex.def)             Requested size: 345.0pt x 207.00049pt.


LaTeX Warning: `!h' float specifier changed to `!ht'.

Package color Info: Redefining color shadecolor on input line 128.
<figure/plot_cleansed_hama.pdf, id=4, 361.35pt x 216.81pt>
File: figure/plot_cleansed_hama.pdf Graphic file (type pdf)

<use figure/plot_cleansed_hama.pdf>
Package pdftex.def Info: figure/plot_cleansed_hama.pdf used on input line 131.
(pdftex.def)             Requested size: 345.0pt x 207.00049pt.


LaTeX Warning: `!h' float specifier changed to `!ht'.

Package color Info: Redefining color shadecolor on input line 143.
<figure/plot_raw_voltage_humidity.pdf, id=5, 361.35pt x 216.81pt>
File: figure/plot_raw_voltage_humidity.pdf Graphic file (type pdf)

<use figure/plot_raw_voltage_humidity.pdf>
Package pdftex.def Info: figure/plot_raw_voltage_humidity.pdf used on input lin
e 146.
(pdftex.def)             Requested size: 345.0pt x 207.00049pt.


LaTeX Warning: `!h' float specifier changed to `!ht'.

Package color Info: Redefining color shadecolor on input line 158.
<figure/plot_cleansed_voltage_humidity.pdf, id=6, 361.35pt x 216.81pt>
File: figure/plot_cleansed_voltage_humidity.pdf Graphic file (type pdf)

<use figure/plot_cleansed_voltage_humidity.pdf>
Package pdftex.def Info: figure/plot_cleansed_voltage_humidity.pdf used on inpu
t line 161.
(pdftex.def)             Requested size: 345.0pt x 207.00049pt.
 [1

{/usr/local/texlive/2014basic/texmf-var/fonts/map/pdftex/updmap/pdftex.map}]

LaTeX Warning: `!h' float specifier changed to `!ht'.

[2 <./figure/plot_raw_humid_temp.pdf> <./figure/plot_cleansed_humid_temp.pdf>]
Package color Info: Redefining color shadecolor on input line 176.

<figure/plot_raw_net_epoch_humidity.pdf, id=28, 361.35pt x 216.81pt>
File: figure/plot_raw_net_epoch_humidity.pdf Graphic file (type pdf)

<use figure/plot_raw_net_epoch_humidity.pdf>
Package pdftex.def Info: figure/plot_raw_net_epoch_humidity.pdf used on input l
ine 179.
(pdftex.def)             Requested size: 345.0pt x 207.00049pt.


LaTeX Warning: `!h' float specifier changed to `!ht'.

Package color Info: Redefining color shadecolor on input line 191.
<figure/plot_raw_net_epoch_humid_temperature.pdf, id=29, 361.35pt x 216.81pt>
File: figure/plot_raw_net_epoch_humid_temperature.pdf Graphic file (type pdf)

<use figure/plot_raw_net_epoch_humid_temperature.pdf>
Package pdftex.def Info: figure/plot_raw_net_epoch_humid_temperature.pdf used o
n input line 194.
(pdftex.def)             Requested size: 345.0pt x 207.00049pt.


LaTeX Warning: `!h' float specifier changed to `!ht'.

Package color Info: Redefining color shadecolor on input line 206.
<figure/plot_raw_net_voltage_temperature.pdf, id=30, 361.35pt x 216.81pt>
File: figure/plot_raw_net_voltage_temperature.pdf Graphic file (type pdf)

<use figure/plot_raw_net_voltage_temperature.pdf>
Package pdftex.def Info: figure/plot_raw_net_voltage_temperature.pdf used on in
put line 209.
(pdftex.def)             Requested size: 345.0pt x 207.00049pt.
 [3 <./figure/plot_raw_hama.pdf> <./figure/plot_cleansed_hama.pdf>]

LaTeX Warning: `!h' float specifier changed to `!ht'.

Package color Info: Redefining color shadecolor on input line 221.

<figure/plot_cleansed_net_voltage_temperature.pdf, id=44, 361.35pt x 216.81pt>
File: figure/plot_cleansed_net_voltage_temperature.pdf Graphic file (type pdf)

<use figure/plot_cleansed_net_voltage_temperature.pdf>
Package pdftex.def Info: figure/plot_cleansed_net_voltage_temperature.pdf used 
on input line 224.
(pdftex.def)             Requested size: 345.0pt x 207.00049pt.


LaTeX Warning: `!h' float specifier changed to `!ht'.

Package color Info: Redefining color shadecolor on input line 236.
<figure/plot_cleansed_net_epoch_temperature.pdf, id=45, 361.35pt x 216.81pt>
File: figure/plot_cleansed_net_epoch_temperature.pdf Graphic file (type pdf)

<use figure/plot_cleansed_net_epoch_temperature.pdf>
Package pdftex.def Info: figure/plot_cleansed_net_epoch_temperature.pdf used on
 input line 239.
(pdftex.def)             Requested size: 345.0pt x 207.00049pt.


LaTeX Warning: `!h' float specifier changed to `!ht'.

Package color Info: Redefining color shadecolor on input line 251.
<figure/plot_cleansed_net_epoch_humidity.pdf, id=46, 361.35pt x 216.81pt>
File: figure/plot_cleansed_net_epoch_humidity.pdf Graphic file (type pdf)

<use figure/plot_cleansed_net_epoch_humidity.pdf>
Package pdftex.def Info: figure/plot_cleansed_net_epoch_humidity.pdf used on in
put line 254.
(pdftex.def)             Requested size: 345.0pt x 207.00049pt.


LaTeX Warning: `!h' float specifier changed to `!ht'.

[4 <./figure/plot_raw_voltage_humidity.pdf> <./figure/plot_cleansed_voltage_hum
idity.pdf>] [5 <./figure/plot_raw_net_epoch_humidity.pdf> <./figure/plot_raw_ne
t_epoch_humid_temperature.pdf>] [6 <./figure/plot_raw_net_voltage_temperature.p
df> <./figure/plot_cleansed_net_voltage_temperature.pdf>] [7 <./figure/plot_cle
ansed_net_epoch_temperature.pdf> <./figure/plot_cleansed_net_epoch_humidity.pdf
>] (./report.aux) ) 
Here is how much of TeX's memory you used:
 2575 strings out of 494522
 36503 string characters out of 6167205
 92549 words of memory out of 5000000
 5784 multiletter control sequences out of 15000+600000
 8584 words of font info for 33 fonts, out of 8000000 for 9000
 319 hyphenation exceptions out of 8191
 38i,7n,26p,1047b,265s stack positions out of 5000i,500n,10000p,200000b,80000s
</usr/local/texlive/2014basic/texmf-dist/fonts/type1/public/
amsfonts/cm/cmr10.pfb></usr/local/texlive/2014basic/texmf-dist/fonts/type1/publ
ic/amsfonts/cm/cmr12.pfb></usr/local/texlive/2014basic/texmf-dist/fonts/type1/p
ublic/amsfonts/cm/cmr17.pfb>
Output written on report.pdf (7 pages, 6101880 bytes).
PDF statistics:
 112 PDF objects out of 1000 (max. 8388607)
 75 compressed objects within 1 object stream
 0 named destinations out of 1000 (max. 500000)
 61 words of extra memory for PDF output out of 10000 (max. 10000000)

